<?xml version="1.0" encoding="UTF-8"?>
<testsuite xmlns:xsi="http://www.w3.org/2001/XMLSchema-instance" xsi:noNamespaceSchemaLocation="https://maven.apache.org/surefire/maven-surefire-plugin/xsd/surefire-test-report.xsd" name="CreateUserTest" time="3.84" tests="5" errors="0" skipped="0" failures="0">
  <properties>
[...]
</properties>
  <testcase name="createUserWithoutPassword" classname="CreateUserTest" time="0.422"/>
  <testcase name="createExistingUser" classname="CreateUserTest" time="1.424"/>
  <testcase name="createUserWithoutName" classname="CreateUserTest" time="0.424"/>
  <testcase name="createUserWithoutEmail" classname="CreateUserTest" time="0.384"/>
  <testcase name="createUserWithAllData" classname="CreateUserTest" time="1.152"/>
</testsuite>