<?xml version="1.0" encoding="UTF-8"?>
<testsuite xmlns:xsi="http://www.w3.org/2001/XMLSchema-instance" xsi:noNamespaceSchemaLocation="https://maven.apache.org/surefire/maven-surefire-plugin/xsd/surefire-test-report.xsd" name="ChangeDataUserTest" time="16.569" tests="3" errors="0" skipped="0" failures="1">
  <properties>
[...]
</properties>
  <testcase name="changeDataUserWithAuthorization" classname="ChangeDataUserTest" time="11.84"/>
  <testcase name="changeUserWhenEmailStayTheSame" classname="ChangeDataUserTest" time="2.634">
    <failure message="1 expectation failed.&#10;JSON path success doesn&apos;t match.&#10;Expected: &lt;false&gt;&#10;  Actual: &lt;true&gt;&#10;" type="java.lang.AssertionError"><![CDATA[java.lang.AssertionError: 
1 expectation failed.
JSON path success doesn't match.
Expected: <false>
  Actual: <true>

	at ChangeDataUserTest.changeUserWhenEmailStayTheSame(ChangeDataUserTest.java:78)
]]></failure>
    <system-out><![CDATA[HTTP/1.1 200 OK
Date: Mon, 06 May 2024 15:14:45 GMT
Content-Type: application/json; charset=utf-8
Transfer-Encoding: chunked
Connection: keep-alive
X-Powered-By: Express
Access-Control-Allow-Origin: *
ETag: W/"5a-nosNhhkaKyLZdQtSkFvh49+9pLQ"
CF-Cache-Status: DYNAMIC
Report-To: {"endpoints":[{"url":"https:\/\/a.nel.cloudflare.com\/report\/v4?s=j9tzYTcyJLu4ydf9Anm8jh0k6bAit7An3u%2BtMOBi5yVVguM%2Bju4U%2F5JUpU%2BoyVKJfmzoRUxkg%2FiW3LkBjaQgNAxXJ9KRNPFfJIK9W8ZhopxStTumGqVz3u8F0d%2B8tgOBmrWKoU7Y%2FxnWgdyrCH%2F9%2FWrQNRo%3D"}],"group":"cf-nel","max_age":604800}
NEL: {"success_fraction":0,"report_to":"cf-nel","max_age":604800}
Server: cloudflare
CF-RAY: 87f9ebf80b6037ef-FRA
Content-Encoding: gzip
alt-svc: h3=":443"; ma=86400

{
    "success": true,
    "user": {
        "email": "????@yandex.ru",
        "name": "?????"
    }
}
HTTP/1.1 202 Accepted
Date: Mon, 06 May 2024 15:14:46 GMT
Content-Type: application/json; charset=utf-8
Content-Length: 54
Connection: keep-alive
X-Powered-By: Express
Access-Control-Allow-Origin: *
ETag: W/"36-hDmZnQ3Ou/ynnqAeC6TYmyseuzY"
CF-Cache-Status: DYNAMIC
Report-To: {"endpoints":[{"url":"https:\/\/a.nel.cloudflare.com\/report\/v4?s=3dCrGNCbQJH1aMW7lqlbpEpT1PDF%2B0R8DZSevZ%2FleoCXcuwHycqSZOo87Ig%2BMu9zPtZGFseBOUlsJO17Yv3SI0JQLJ%2Fy5JfB8xLUWjUjpU%2FLFw6g6yJ1YZQzVpQ8dUNDJf1%2FmjmLmoOPziTB5qcAICAZQec%3D"}],"group":"cf-nel","max_age":604800}
NEL: {"success_fraction":0,"report_to":"cf-nel","max_age":604800}
Server: cloudflare
CF-RAY: 87f9ebfdb855bb9b-FRA
alt-svc: h3=":443"; ma=86400

{
    "success": true,
    "message": "User successfully removed"
}
]]></system-out>
  </testcase>
  <testcase name="changeDataUserWithoutAuthorization" classname="ChangeDataUserTest" time="1.576"/>
</testsuite>